mode: atomic
github.com/formbricks/formbricks/services/river-poc-worker/internal/config/config.go:30.36,32.23 2 2
github.com/formbricks/formbricks/services/river-poc-worker/internal/config/config.go:32.23,34.3 1 1
github.com/formbricks/formbricks/services/river-poc-worker/internal/config/config.go:36.2,39.8 1 1
github.com/formbricks/formbricks/services/river-poc-worker/internal/config/config.go:42.53,44.42 2 1
github.com/formbricks/formbricks/services/river-poc-worker/internal/config/config.go:44.42,46.3 1 0
github.com/formbricks/formbricks/services/river-poc-worker/internal/config/config.go:48.2,49.51 2 1
github.com/formbricks/formbricks/services/river-poc-worker/internal/config/config.go:49.51,51.3 1 6
github.com/formbricks/formbricks/services/river-poc-worker/internal/config/config.go:53.2,54.27 2 1
github.com/formbricks/formbricks/services/river-poc-worker/internal/workers/survey_lifecycle.go:26.38,26.64 1 1
github.com/formbricks/formbricks/services/river-poc-worker/internal/workers/survey_lifecycle.go:32.36,32.60 1 1
github.com/formbricks/formbricks/services/river-poc-worker/internal/workers/survey_lifecycle.go:44.67,46.2 1 2
github.com/formbricks/formbricks/services/river-poc-worker/internal/workers/survey_lifecycle.go:48.63,50.2 1 2
github.com/formbricks/formbricks/services/river-poc-worker/internal/workers/survey_lifecycle.go:52.67,55.2 2 1
github.com/formbricks/formbricks/services/river-poc-worker/internal/workers/survey_lifecycle.go:57.94,60.2 2 1
github.com/formbricks/formbricks/services/river-poc-worker/internal/workers/survey_lifecycle.go:62.90,65.2 2 1
github.com/formbricks/formbricks/services/river-poc-worker/internal/workers/survey_lifecycle.go:73.3,82.2 1 2
github.com/formbricks/formbricks/services/river-poc-worker/cmd/river-poc-worker/main.go:15.13,19.16 3 0
github.com/formbricks/formbricks/services/river-poc-worker/cmd/river-poc-worker/main.go:19.16,22.3 2 0
github.com/formbricks/formbricks/services/river-poc-worker/cmd/river-poc-worker/main.go:24.2,28.16 4 0
github.com/formbricks/formbricks/services/river-poc-worker/cmd/river-poc-worker/main.go:28.16,31.3 2 0
github.com/formbricks/formbricks/services/river-poc-worker/cmd/river-poc-worker/main.go:33.2,33.39 1 0
github.com/formbricks/formbricks/services/river-poc-worker/cmd/river-poc-worker/main.go:33.39,36.3 2 0
github.com/formbricks/formbricks/services/river-poc-worker/cmd/river-poc-worker/main.go:38.2,45.46 5 0
github.com/formbricks/formbricks/services/river-poc-worker/cmd/river-poc-worker/main.go:45.46,48.3 2 0
github.com/formbricks/formbricks/services/river-poc-worker/cmd/river-poc-worker/main.go:50.2,50.41 1 0
github.com/formbricks/formbricks/services/river-poc-worker/internal/riverapp/app.go:22.85,24.2 1 0
github.com/formbricks/formbricks/services/river-poc-worker/internal/riverapp/app.go:31.17,33.16 2 1
github.com/formbricks/formbricks/services/river-poc-worker/internal/riverapp/app.go:33.16,35.3 1 0
github.com/formbricks/formbricks/services/river-poc-worker/internal/riverapp/app.go:37.2,51.16 4 1
github.com/formbricks/formbricks/services/river-poc-worker/internal/riverapp/app.go:51.16,54.3 2 0
github.com/formbricks/formbricks/services/river-poc-worker/internal/riverapp/app.go:56.2,59.8 1 1
github.com/formbricks/formbricks/services/river-poc-worker/internal/riverapp/app.go:62.48,63.44 1 1
github.com/formbricks/formbricks/services/river-poc-worker/internal/riverapp/app.go:63.44,65.3 1 0
github.com/formbricks/formbricks/services/river-poc-worker/internal/riverapp/app.go:67.2,67.12 1 1
github.com/formbricks/formbricks/services/river-poc-worker/internal/riverapp/app.go:70.47,73.43 2 1
github.com/formbricks/formbricks/services/river-poc-worker/internal/riverapp/app.go:73.43,75.3 1 0
github.com/formbricks/formbricks/services/river-poc-worker/internal/riverapp/app.go:77.2,77.12 1 1
